Case #1:
***
***
**.
*..
*.c
Case #2:
***..
.....
.....
.....
....c
Case #3:
*****
*....
.....
.....
....c
Case #4:
Impossible
Case #5:
Impossible
Case #6:
Impossible
Case #7:
**.
...
..c
Case #8:
**..
**.c
Case #9:
***
***
*..
*..
*.c
Case #10:
.....
.....
.....
....c
Case #11:
***
*..
*..
...
..c
Case #12:
Impossible
Case #13:
*****
**...
*....
*...c
Case #14:
*
.
.
c
Case #15:
*..c
Case #16:
*****
***..
*...c
Case #17:
Impossible
Case #18:
.
.
.
c
Case #19:
Impossible
Case #20:
*****
*....
.....
....c
Case #21:
***
*..
*.c
Case #22:
*.c
Case #23:
**..
....
....
....
...c
Case #24:
****
**..
**.c
Case #25:
.
.
.
.
c
Case #26:
**..
....
...c
Case #27:
Impossible
Case #28:
....
....
...c
Case #29:
****
....
....
....
...c
Case #30:
*****
*****
*....
*...c
Case #31:
****
....
...c
Case #32:
Impossible
Case #33:
...
...
..c
Case #34:
Impossible
Case #35:
****
*...
*...
*..c
Case #36:
****
****
****
**..
**.c
Case #37:
.c
Case #38:
.....
.....
.....
.....
....c
Case #39:
**.c
Case #40:
**..c
Case #41:
Impossible
Case #42:
**.
...
...
..c
Case #43:
****
****
*...
*...
*..c
Case #44:
*****
***..
***.c
Case #45:
Impossible
Case #46:
....
....
....
...c
Case #47:
Impossible
Case #48:
***
**.
*..
*.c
Case #49:
****
*...
...c
Case #50:
....
....
....
....
...c
Case #51:
*****
*****
***..
***.c
Case #52:
*.
..
..
.c
Case #53:
Impossible
Case #54:
*****
***..
*....
*....
*...c
Case #55:
***.
....
....
....
...c
Case #56:
Impossible
Case #57:
***
*..
*..
*..
..c
Case #58:
*****
*****
**...
*....
*...c
Case #59:
****
*...
....
....
...c
Case #60:
*..
...
..c
Case #61:
**...
....c
Case #62:
***..
*...c
Case #63:
**...
.....
....c
Case #64:
*****
*....
*....
....c
Case #65:
***
*..
*..
*.c
Case #66:
....
...c
Case #67:
...
..c
Case #68:
**...
.....
.....
....c
Case #69:
Impossible
Case #70:
*
*
*
.
c
Case #71:
Impossible
Case #72:
*
.
c
Case #73:
*****
*****
***..
**...
**..c
Case #74:
**..
*..c
Case #75:
Impossible
Case #76:
*...
....
....
....
...c
Case #77:
*****
**...
*....
*....
*...c
Case #78:
*....
.....
.....
.....
....c
Case #79:
Impossible
Case #80:
*****
*....
*....
*...c
Case #81:
Impossible
Case #82:
*
*
.
.
c
Case #83:
****
**..
*...
*...
*..c
Case #84:
..
..
..
.c
Case #85:
Impossible
Case #86:
*****
*....
....c
Case #87:
Impossible
Case #88:
***
**.
*..
*..
*.c
Case #89:
*****
.....
....c
Case #90:
***..
....c
Case #91:
Impossible
Case #92:
****
****
**..
*..c
Case #93:
*****
*****
**...
**...
*...c
Case #94:
Impossible
Case #95:
Impossible
Case #96:
*****
*....
*....
*....
*...c
Case #97:
*****
*....
*....
.....
....c
Case #98:
*****
*....
*...c
Case #99:
**
..
..
..
.c
Case #100:
**.
...
...
...
..c
Case #101:
****
***.
*...
*..c
Case #102:
Impossible
Case #103:
Impossible
Case #104:
***..
.....
.....
....c
Case #105:
Impossible
Case #106:
***
...
...
..c
Case #107:
....c
Case #108:
Impossible
Case #109:
Impossible
Case #110:
Impossible
Case #111:
****
....
....
...c
Case #112:
****
**..
*...
*..c
Case #113:
Impossible
Case #114:
..
..
..
..
.c
Case #115:
**
**
*.
..
.c
Case #116:
*...
....
...c
Case #117:
***
...
...
...
..c
Case #118:
**
*.
*.
..
.c
Case #119:
Impossible
Case #120:
***
*..
*..
..c
Case #121:
Impossible
Case #122:
*....
.....
.....
....c
Case #123:
****
*...
*...
*...
...c
Case #124:
*
.
.
.
c
Case #125:
*
*
.
c
Case #126:
*...
....
....
...c
Case #127:
Impossible
Case #128:
*****
*****
****.
**...
**..c
Case #129:
*****
*****
***..
**..c
Case #130:
*...
...c
Case #131:
Impossible
Case #132:
*****
***..
**..c
Case #133:
Impossible
Case #134:
**
**
..
.c
Case #135:
**
**
**
..
.c
Case #136:
Impossible
Case #137:
Impossible
Case #138:
**..
...c
Case #139:
*****
****.
*....
*...c
Case #140:
*..
*.c
Case #141:
*****
*....
*....
*....
....c
Case #142:
***
*..
...
..c
Case #143:
****.
.....
....c
Case #144:
***..
***.c
Case #145:
*****
*****
**...
**..c
Case #146:
Impossible
Case #147:
***.c
Case #148:
*****
*****
**...
**...
**..c
Case #149:
*****
***..
*....
*...c
Case #150:
**
*.
..
..
.c
Case #151:
Impossible
Case #152:
*****
*****
*....
*....
*...c
Case #153:
****
****
**..
**.c
Case #154:
***..
.....
....c
Case #155:
**...
.....
.....
.....
....c
Case #156:
***
...
..c
Case #157:
***
*..
...
...
..c
Case #158:
**..
....
....
...c
Case #159:
c
Case #160:
****.
.....
.....
....c
Case #161:
***.
....
...c
Case #162:
***..
**..c
Case #163:
..
..
.c
Case #164:
..c
Case #165:
****
***.
*...
*...
*..c
Case #166:
**
*.
..
.c
Case #167:
Impossible
Case #168:
*....
.....
....c
Case #169:
Impossible
Case #170:
****
*...
....
...c
Case #171:
***
***
*..
*.c
Case #172:
****
****
*...
*..c
Case #173:
****
*...
*...
....
...c
Case #174:
Impossible
Case #175:
Impossible
Case #176:
...
...
...
..c
Case #177:
...
...
...
...
..c
Case #178:
*....
....c
Case #179:
****
*...
*..c
Case #180:
**
..
..
.c
Case #181:
.....
.....
....c
Case #182:
*****
.....
.....
....c
Case #183:
...c
Case #184:
****
****
**..
*...
*..c
Case #185:
..
.c
Case #186:
*.
..
..
..
.c
Case #187:
Impossible
Case #188:
.
.
c
Case #189:
****
****
**..
**..
**.c
Case #190:
*.
..
.c
Case #191:
***
***
***
*..
*.c
Case #192:
Impossible
Case #193:
.
c
Case #194:
Impossible
Case #195:
Impossible
Case #196:
Impossible
Case #197:
***
*..
..c
Case #198:
*****
*****
*****
***..
***.c
Case #199:
Impossible
Case #200:
****
****
***.
**..
**.c
Case #201:
Impossible
Case #202:
****
*...
*...
...c
Case #203:
***.
....
....
...c
Case #204:
**
..
.c
Case #205:
****
**..
*..c
Case #206:
****.
.....
.....
.....
....c
Case #207:
.....
....c
Case #208:
****
****
**..
**..
*..c
Case #209:
*****
*****
*****
***..
**..c
Case #210:
*****
.....
.....
.....
....c
Case #211:
*..
..c
Case #212:
*****
*****
**...
*...c
Case #213:
***
*..
*..
*..
*.c
Case #214:
*..
...
...
..c
Case #215:
****
*...
*...
*...
*..c
Case #216:
*****
**...
*...c
Case #217:
Impossible
Case #218:
*..
...
...
...
..c
Case #219:
*****
****.
*....
*....
*...c
Case #220:
Impossible
Case #221:
*...c
Case #222:
*****
*****
*****
**...
**..c
Case #223:
Impossible
Case #224:
Impossible
Case #225:
Impossible
